/*C3*/SET SCHEMA PUBLIC
INSERT INTO USER_MOVIE VALUES('2025051415','admin','\u7535\u5f715',1,'','\u57282025051415\u89c2\u770b\u4e86\u7535\u5f715\uff0c\u611f\u89c9xxxx')
COMMIT
DELETE FROM USER_MOVIE WHERE WATCH_DATE='2025051415'
INSERT INTO USER_MOVIE VALUES('2025051415','admin','\u7535\u5f715',1,'D:\tools\images\9cab1f93-e0b1-48f8-b9c8-a39702e4f698.png','\u57282025051415\u89c2\u770b\u4e86\u7535\u5f715\uff0c\u611f\u89c9xxxx')
COMMIT
DELETE FROM USER_MOVIE WHERE WATCH_DATE='2025051415'
INSERT INTO USER_MOVIE VALUES('2025051415','admin','\u7535\u5f715',1,'D:\tools\images\9cab1f93-e0b1-48f8-b9c8-a39702e4f698.png D:\tools\images\28f50d8f-bf64-485f-a22e-bc64991b014a.png','\u57282025051415\u89c2\u770b\u4e86\u7535\u5f715\uff0c\u611f\u89c9xxxx')
COMMIT
DELETE FROM USER_MOVIE WHERE WATCH_DATE='2025051415'
INSERT INTO USER_MOVIE VALUES('2025051415','admin','\u7535\u5f715',1,'D:\tools\images\9cab1f93-e0b1-48f8-b9c8-a39702e4f698.png D:\tools\images\28f50d8f-bf64-485f-a22e-bc64991b014a.png D:\tools\images\85ad3866-f2b8-4ff7-a823-6745d93477db.jpg','\u57282025051415\u89c2\u770b\u4e86\u7535\u5f715\uff0c\u611f\u89c9xxxx')
COMMIT
/*C5*/SET SCHEMA PUBLIC
DISCONNECT
/*C3*/DISCONNECT
/*C8*/SET SCHEMA PUBLIC
DISCONNECT
/*C9*/SET SCHEMA PUBLIC
DISCONNECT
/*C11*/SET SCHEMA PUBLIC
DISCONNECT
/*C6*/SET SCHEMA PUBLIC
DISCONNECT
/*C7*/SET SCHEMA PUBLIC
DISCONNECT
/*C10*/SET SCHEMA PUBLIC
DISCONNECT
/*C12*/SET SCHEMA PUBLIC
DISCONNECT
/*C4*/SET SCHEMA PUBLIC
DISCONNECT
/*C14*/SET SCHEMA PUBLIC
DELETE FROM USER_MOVIE WHERE WATCH_DATE='2025051415'
INSERT INTO USER_MOVIE VALUES('2025051415','admin','\u7535\u5f715',1,'D:\tools\images\9cab1f93-e0b1-48f8-b9c8-a39702e4f698.png D:\tools\images\85ad3866-f2b8-4ff7-a823-6745d93477db.jpg','\u57282025051415\u89c2\u770b\u4e86\u7535\u5f715\uff0c\u611f\u89c9xxxx')
COMMIT
DELETE FROM USER_MOVIE WHERE WATCH_DATE='2025051415'
INSERT INTO USER_MOVIE VALUES('2025051415','admin','\u7535\u5f715',1,'D:\tools\images\85ad3866-f2b8-4ff7-a823-6745d93477db.jpg','\u57282025051415\u89c2\u770b\u4e86\u7535\u5f715\uff0c\u611f\u89c9xxxx')
COMMIT
DELETE FROM USER_MOVIE WHERE WATCH_DATE='2025051415'
COMMIT
INSERT INTO USER_MOVIE VALUES('2025051415','admin','\u7535\u5f715',1,'','\u57282025051415\u89c2\u770b\u4e86\u7535\u5f715\uff0c\u611f\u89c9xxxx')
COMMIT
/*C24*/SET SCHEMA PUBLIC
INSERT INTO USER_MOVIE VALUES('2025010108','admin','\u8096\u7533\u514b\u7684\u6551\u8d4e',190,'','\u7ecf\u5178\u6c38\u4e0d\u8fc7\u65f6\uff0c\u8096\u7533\u514b\u7684\u6551\u8d4e\u771f\u662f\u4e00\u90e8\u597d\u7535\u5f71\uff0c1\u5237\uff01')
COMMIT
INSERT INTO USER_MOVIE VALUES('2025010209','admin','\u9738\u738b\u522b\u59ec',128,'','\u770b\u4e86\u597d\u51e0\u904d\uff0c\u9738\u738b\u522b\u59ec\u771f\u662f\u4e00\u90e8\u597d\u7535\u5f71\uff0c2\u5237\uff01')
COMMIT
INSERT INTO USER_MOVIE VALUES('2025010310','admin','\u963f\u7518\u6b63\u4f20',110,'','\u9707\u64bc\u5fc3\u7075\u7684\u4f5c\u54c1\uff0c\u963f\u7518\u6b63\u4f20\u771f\u662f\u4e00\u90e8\u597d\u7535\u5f71\uff0c3\u5237\uff01')
COMMIT
INSERT INTO USER_MOVIE VALUES('2025010411','admin','\u6cf0\u5766\u5c3c\u514b\u53f7',25,'','\u770b\u5b8c\u4e45\u4e45\u4e0d\u80fd\u5e73\u9759\uff0c\u6cf0\u5766\u5c3c\u514b\u53f7\u771f\u662f\u4e00\u90e8\u597d\u7535\u5f71\uff0c4\u5237\uff01')
COMMIT
INSERT INTO USER_MOVIE VALUES('2025010512','admin','\u5343\u4e0e\u5343\u5bfb',99,'','\u8282\u594f\u628a\u63a7\u5b8c\u7f8e\uff0c\u5343\u4e0e\u5343\u5bfb\u771f\u662f\u4e00\u90e8\u597d\u7535\u5f71\uff0c5\u5237\uff01')
COMMIT
INSERT INTO USER_MOVIE VALUES('2025010613','admin','\u8fd9\u4e2a\u6740\u624b\u4e0d\u592a\u51b7',22,'','\u8ba9\u4eba\u56de\u5473\u65e0\u7a77\uff0c\u8fd9\u4e2a\u6740\u624b\u4e0d\u592a\u51b7\u771f\u662f\u4e00\u90e8\u597d\u7535\u5f71\uff0c6\u5237\uff01')
COMMIT
INSERT INTO USER_MOVIE VALUES('2025010714','admin','\u661f\u9645\u7a7f\u8d8a',116,'','\u7b11\u4e2d\u5e26\u6cea\u7684\u597d\u7247\uff0c\u661f\u9645\u7a7f\u8d8a\u771f\u662f\u4e00\u90e8\u597d\u7535\u5f71\uff0c7\u5237\uff01')
COMMIT
INSERT INTO USER_MOVIE VALUES('2025010815','admin','\u76d7\u68a6\u7a7a\u95f4',136,'','\u7b11\u4e2d\u5e26\u6cea\u7684\u597d\u7247\uff0c\u76d7\u68a6\u7a7a\u95f4\u771f\u662f\u4e00\u90e8\u597d\u7535\u5f71\uff0c8\u5237\uff01')
COMMIT
INSERT INTO USER_MOVIE VALUES('2025010916','admin','\u695a\u95e8\u7684\u4e16\u754c',116,'','\u6545\u4e8b\u5f15\u4eba\u5165\u80dc\uff0c\u695a\u95e8\u7684\u4e16\u754c\u771f\u662f\u4e00\u90e8\u597d\u7535\u5f71\uff0c9\u5237\uff01')
COMMIT
INSERT INTO USER_MOVIE VALUES('2025011017','admin','\u5fe0\u72ac\u516b\u516c\u7684\u6545\u4e8b',183,'','\u914d\u4e50\u975e\u5e38\u51fa\u8272\uff0c\u5fe0\u72ac\u516b\u516c\u7684\u6545\u4e8b\u771f\u662f\u4e00\u90e8\u597d\u7535\u5f71\uff0c10\u5237\uff01')
COMMIT
INSERT INTO USER_MOVIE VALUES('2025011118','admin','\u6d77\u4e0a\u94a2\u7434\u5e08',160,'','\u7ecf\u5178\u6c38\u4e0d\u8fc7\u65f6\uff0c\u6d77\u4e0a\u94a2\u7434\u5e08\u771f\u662f\u4e00\u90e8\u597d\u7535\u5f71\uff0c11\u5237\uff01')
COMMIT
INSERT INTO USER_MOVIE VALUES('2025011219','admin','\u4e09\u50bb\u5927\u95f9\u5b9d\u83b1\u575e',46,'','\u8282\u594f\u628a\u63a7\u5b8c\u7f8e\uff0c\u4e09\u50bb\u5927\u95f9\u5b9d\u83b1\u575e\u771f\u662f\u4e00\u90e8\u597d\u7535\u5f71\uff0c12\u5237\uff01')
COMMIT
INSERT INTO USER_MOVIE VALUES('2025011320','admin','\u653e\u725b\u73ed\u7684\u6625\u5929',43,'','\u503c\u5f97\u63a8\u8350\u7684\u597d\u7247\uff0c\u653e\u725b\u73ed\u7684\u6625\u5929\u771f\u662f\u4e00\u90e8\u597d\u7535\u5f71\uff0c13\u5237\uff01')
COMMIT
INSERT INTO USER_MOVIE VALUES('2025011421','admin','\u673a\u5668\u4eba\u603b\u52a8\u5458',90,'','\u770b\u5b8c\u4e45\u4e45\u4e0d\u80fd\u5e73\u9759\uff0c\u673a\u5668\u4eba\u603b\u52a8\u5458\u771f\u662f\u4e00\u90e8\u597d\u7535\u5f71\uff0c14\u5237\uff01')
COMMIT
INSERT INTO USER_MOVIE VALUES('2025011508','admin','\u5927\u8bdd\u897f\u6e38',147,'','\u5267\u60c5\u5341\u5206\u7cbe\u5f69\uff0c\u5927\u8bdd\u897f\u6e38\u771f\u662f\u4e00\u90e8\u597d\u7535\u5f71\uff0c15\u5237\uff01')
COMMIT
INSERT INTO USER_MOVIE VALUES('2025011609','admin','\u9f99\u732b',150,'','\u7279\u6548\u4ee4\u4eba\u60ca\u53f9\uff0c\u9f99\u732b\u771f\u662f\u4e00\u90e8\u597d\u7535\u5f71\uff0c16\u5237\uff01')
COMMIT
INSERT INTO USER_MOVIE VALUES('2025011710','admin','\u6559\u7236',130,'','\u9707\u64bc\u5fc3\u7075\u7684\u4f5c\u54c1\uff0c\u6559\u7236\u771f\u662f\u4e00\u90e8\u597d\u7535\u5f71\uff0c17\u5237\uff01')
COMMIT
INSERT INTO USER_MOVIE VALUES('2025021811','admin','\u8759\u8760\u4fa0\uff1a\u9ed1\u6697\u9a91\u58eb',157,'','\u6f14\u6280\u70b8\u88c2\uff0c\u8759\u8760\u4fa0\uff1a\u9ed1\u6697\u9a91\u58eb\u771f\u662f\u4e00\u90e8\u597d\u7535\u5f71\uff0c18\u5237\uff01')
COMMIT
INSERT INTO USER_MOVIE VALUES('2025021912','admin','\u5341\u4e8c\u6012\u6c49',32,'','\u8282\u594f\u628a\u63a7\u5b8c\u7f8e\uff0c\u5341\u4e8c\u6012\u6c49\u771f\u662f\u4e00\u90e8\u597d\u7535\u5f71\uff0c19\u5237\uff01')
COMMIT
INSERT INTO USER_MOVIE VALUES('2025022013','admin','\u8f9b\u5fb7\u52d2\u7684\u540d\u5355',153,'','\u770b\u4e86\u597d\u51e0\u904d\uff0c\u8f9b\u5fb7\u52d2\u7684\u540d\u5355\u771f\u662f\u4e00\u90e8\u597d\u7535\u5f71\uff0c20\u5237\uff01')
COMMIT
INSERT INTO USER_MOVIE VALUES('2025022114','admin','\u75af\u72c2\u52a8\u7269\u57ce',79,'','\u9707\u64bc\u5fc3\u7075\u7684\u4f5c\u54c1\uff0c\u75af\u72c2\u52a8\u7269\u57ce\u771f\u662f\u4e00\u90e8\u597d\u7535\u5f71\uff0c21\u5237\uff01')
COMMIT
INSERT INTO USER_MOVIE VALUES('2025022215','admin','\u5bfb\u68a6\u73af\u6e38\u8bb0',163,'','\u7acb\u610f\u6df1\u523b\uff0c\u5bfb\u68a6\u73af\u6e38\u8bb0\u771f\u662f\u4e00\u90e8\u597d\u7535\u5f71\uff0c22\u5237\uff01')
COMMIT
INSERT INTO USER_MOVIE VALUES('2025022316','admin','\u5c11\u5e74\u6d3e\u7684\u5947\u5e7b\u6f02\u6d41',115,'','\u5bfc\u6f14\u529f\u529b\u6df1\u539a\uff0c\u5c11\u5e74\u6d3e\u7684\u5947\u5e7b\u6f02\u6d41\u771f\u662f\u4e00\u90e8\u597d\u7535\u5f71\uff0c23\u5237\uff01')
COMMIT
INSERT INTO USER_MOVIE VALUES('2025022417','admin','\u6307\u73af\u738b',87,'','\u6f14\u5458\u9635\u5bb9\u5f3a\u5927\uff0c\u6307\u73af\u738b\u771f\u662f\u4e00\u90e8\u597d\u7535\u5f71\uff0c24\u5237\uff01')
COMMIT
INSERT INTO USER_MOVIE VALUES('2025022518','admin','\u54c8\u5229\u00b7\u6ce2\u7279',57,'','\u7ecf\u5178\u6c38\u4e0d\u8fc7\u65f6\uff0c\u54c8\u5229\u00b7\u6ce2\u7279\u771f\u662f\u4e00\u90e8\u597d\u7535\u5f71\uff0c25\u5237\uff01')
COMMIT
INSERT INTO USER_MOVIE VALUES('2025022619','admin','\u529f\u592b',33,'','\u975e\u5e38\u597d\u770b\u7684\u7535\u5f71\uff0c\u529f\u592b\u771f\u662f\u4e00\u90e8\u597d\u7535\u5f71\uff0c26\u5237\uff01')
COMMIT
INSERT INTO USER_MOVIE VALUES('2025022720','admin','\u8ba9\u5b50\u5f39\u98de',118,'','\u7279\u6548\u4ee4\u4eba\u60ca\u53f9\uff0c\u8ba9\u5b50\u5f39\u98de\u771f\u662f\u4e00\u90e8\u597d\u7535\u5f71\uff0c27\u5237\uff01')
COMMIT
INSERT INTO USER_MOVIE VALUES('2025022821','admin','\u9b3c\u5b50\u6765\u4e86',100,'','\u6545\u4e8b\u5f15\u4eba\u5165\u80dc\uff0c\u9b3c\u5b50\u6765\u4e86\u771f\u662f\u4e00\u90e8\u597d\u7535\u5f71\uff0c28\u5237\uff01')
COMMIT
INSERT INTO USER_MOVIE VALUES('2025020108','admin','\u65e0\u95f4\u9053',93,'','\u5e74\u5ea6\u6700\u4f73\uff0c\u65e0\u95f4\u9053\u771f\u662f\u4e00\u90e8\u597d\u7535\u5f71\uff0c29\u5237\uff01')
COMMIT
INSERT INTO USER_MOVIE VALUES('2025020209','admin','\u5c81\u6708\u795e\u5077',41,'','\u7ecf\u5178\u6c38\u4e0d\u8fc7\u65f6\uff0c\u5c81\u6708\u795e\u5077\u771f\u662f\u4e00\u90e8\u597d\u7535\u5f71\uff0c30\u5237\uff01')
COMMIT
INSERT INTO USER_MOVIE VALUES('2025020310','admin','\u5929\u5802\u7535\u5f71\u9662',57,'','\u5e74\u5ea6\u6700\u4f73\uff0c\u5929\u5802\u7535\u5f71\u9662\u771f\u662f\u4e00\u90e8\u597d\u7535\u5f71\uff0c31\u5237\uff01')
COMMIT
INSERT INTO USER_MOVIE VALUES('2025020411','admin','\u7f8e\u4e3d\u4eba\u751f',112,'','\u503c\u5f97\u63a8\u8350\u7684\u597d\u7247\uff0c\u7f8e\u4e3d\u4eba\u751f\u771f\u662f\u4e00\u90e8\u597d\u7535\u5f71\uff0c32\u5237\uff01')
COMMIT
INSERT INTO USER_MOVIE VALUES('2025020512','admin','\u5f53\u5e78\u798f\u6765\u6572\u95e8',154,'','\u5bfc\u6f14\u529f\u529b\u6df1\u539a\uff0c\u5f53\u5e78\u798f\u6765\u6572\u95e8\u771f\u662f\u4e00\u90e8\u597d\u7535\u5f71\uff0c33\u5237\uff01')
COMMIT
INSERT INTO USER_MOVIE VALUES('2025020613','admin','\u98de\u5c4b\u73af\u6e38\u8bb0',178,'','\u5e74\u5ea6\u6700\u4f73\uff0c\u98de\u5c4b\u73af\u6e38\u8bb0\u771f\u662f\u4e00\u90e8\u597d\u7535\u5f71\uff0c34\u5237\uff01')
COMMIT
INSERT INTO USER_MOVIE VALUES('2025030714','admin','\u51b0\u96ea\u5947\u7f18',95,'','\u5e74\u5ea6\u6700\u4f73\uff0c\u51b0\u96ea\u5947\u7f18\u771f\u662f\u4e00\u90e8\u597d\u7535\u5f71\uff0c35\u5237\uff01')
COMMIT
INSERT INTO USER_MOVIE VALUES('2025030815','admin','\u5934\u8111\u7279\u5de5\u961f',30,'','\u503c\u5f97\u63a8\u8350\u7684\u597d\u7247\uff0c\u5934\u8111\u7279\u5de5\u961f\u771f\u662f\u4e00\u90e8\u597d\u7535\u5f71\uff0c36\u5237\uff01')
COMMIT
INSERT INTO USER_MOVIE VALUES('2025030916','admin','\u72ee\u5b50\u738b',33,'','\u914d\u4e50\u975e\u5e38\u51fa\u8272\uff0c\u72ee\u5b50\u738b\u771f\u662f\u4e00\u90e8\u597d\u7535\u5f71\uff0c37\u5237\uff01')
COMMIT
INSERT INTO USER_MOVIE VALUES('2025031017','admin','\u73a9\u5177\u603b\u52a8\u5458',153,'','\u8282\u594f\u628a\u63a7\u5b8c\u7f8e\uff0c\u73a9\u5177\u603b\u52a8\u5458\u771f\u662f\u4e00\u90e8\u597d\u7535\u5f71\uff0c38\u5237\uff01')
COMMIT
INSERT INTO USER_MOVIE VALUES('2025031118','admin','\u62ef\u6551\u5927\u5175\u745e\u6069',106,'','\u975e\u5e38\u597d\u770b\u7684\u7535\u5f71\uff0c\u62ef\u6551\u5927\u5175\u745e\u6069\u771f\u662f\u4e00\u90e8\u597d\u7535\u5f71\uff0c39\u5237\uff01')
COMMIT
INSERT INTO USER_MOVIE VALUES('2025031219','admin','\u9ed1\u5ba2\u5e1d\u56fd',85,'','\u8282\u594f\u628a\u63a7\u5b8c\u7f8e\uff0c\u9ed1\u5ba2\u5e1d\u56fd\u771f\u662f\u4e00\u90e8\u597d\u7535\u5f71\uff0c40\u5237\uff01')
COMMIT
INSERT INTO USER_MOVIE VALUES('2025031320','admin','\u4f8f\u7f57\u7eaa\u516c\u56ed',140,'','\u5bfc\u6f14\u529f\u529b\u6df1\u539a\uff0c\u4f8f\u7f57\u7eaa\u516c\u56ed\u771f\u662f\u4e00\u90e8\u597d\u7535\u5f71\uff0c41\u5237\uff01')
COMMIT
INSERT INTO USER_MOVIE VALUES('2025031421','admin','\u56de\u5230\u672a\u6765',43,'','\u8ba9\u4eba\u56de\u5473\u65e0\u7a77\uff0c\u56de\u5230\u672a\u6765\u771f\u662f\u4e00\u90e8\u597d\u7535\u5f71\uff0c42\u5237\uff01')
COMMIT
INSERT INTO USER_MOVIE VALUES('2025031508','admin','ET\u5916\u661f\u4eba',147,'','\u8282\u594f\u628a\u63a7\u5b8c\u7f8e\uff0cET\u5916\u661f\u4eba\u771f\u662f\u4e00\u90e8\u597d\u7535\u5f71\uff0c43\u5237\uff01')
COMMIT
INSERT INTO USER_MOVIE VALUES('2025031609','admin','\u593a\u5b9d\u5947\u5175',149,'','\u770b\u4e86\u597d\u51e0\u904d\uff0c\u593a\u5b9d\u5947\u5175\u771f\u662f\u4e00\u90e8\u597d\u7535\u5f71\uff0c44\u5237\uff01')
COMMIT
INSERT INTO USER_MOVIE VALUES('2025031710','admin','\u52c7\u6562\u7684\u5fc3',178,'','\u5e74\u5ea6\u6700\u4f73\uff0c\u52c7\u6562\u7684\u5fc3\u771f\u662f\u4e00\u90e8\u597d\u7535\u5f71\uff0c45\u5237\uff01')
COMMIT
INSERT INTO USER_MOVIE VALUES('2025031811','admin','\u89d2\u6597\u58eb',47,'','\u7279\u6548\u4ee4\u4eba\u60ca\u53f9\uff0c\u89d2\u6597\u58eb\u771f\u662f\u4e00\u90e8\u597d\u7535\u5f71\uff0c46\u5237\uff01')
COMMIT
INSERT INTO USER_MOVIE VALUES('2025031912','admin','\u94a2\u7434\u5bb6',23,'','\u6f14\u5458\u9635\u5bb9\u5f3a\u5927\uff0c\u94a2\u7434\u5bb6\u771f\u662f\u4e00\u90e8\u597d\u7535\u5f71\uff0c47\u5237\uff01')
COMMIT
INSERT INTO USER_MOVIE VALUES('2025032013','admin','\u56fd\u738b\u7684\u6f14\u8bb2',79,'','\u7ecf\u5178\u6c38\u4e0d\u8fc7\u65f6\uff0c\u56fd\u738b\u7684\u6f14\u8bb2\u771f\u662f\u4e00\u90e8\u597d\u7535\u5f71\uff0c48\u5237\uff01')
COMMIT
INSERT INTO USER_MOVIE VALUES('2025032114','admin','\u8d2b\u6c11\u7a9f\u7684\u767e\u4e07\u5bcc\u7fc1',149,'','\u7279\u6548\u4ee4\u4eba\u60ca\u53f9\uff0c\u8d2b\u6c11\u7a9f\u7684\u767e\u4e07\u5bcc\u7fc1\u771f\u662f\u4e00\u90e8\u597d\u7535\u5f71\uff0c49\u5237\uff01')
COMMIT
INSERT INTO USER_MOVIE VALUES('2025032215','admin','\u5367\u864e\u85cf\u9f99',136,'','\u753b\u9762\u7cbe\u7f8e\u7edd\u4f26\uff0c\u5367\u864e\u85cf\u9f99\u771f\u662f\u4e00\u90e8\u597d\u7535\u5f71\uff0c50\u5237\uff01')
COMMIT
INSERT INTO USER_MOVIE VALUES('2025032316','admin','\u82f1\u96c4',50,'','\u975e\u5e38\u597d\u770b\u7684\u7535\u5f71\uff0c\u82f1\u96c4\u771f\u662f\u4e00\u90e8\u597d\u7535\u5f71\uff0c51\u5237\uff01')
COMMIT
INSERT INTO USER_MOVIE VALUES('2025042417','admin','\u5341\u9762\u57cb\u4f0f',152,'','\u914d\u4e50\u975e\u5e38\u51fa\u8272\uff0c\u5341\u9762\u57cb\u4f0f\u771f\u662f\u4e00\u90e8\u597d\u7535\u5f71\uff0c52\u5237\uff01')
COMMIT
INSERT INTO USER_MOVIE VALUES('2025042518','admin','\u5927\u7ea2\u706f\u7b3c\u9ad8\u9ad8\u6302',163,'','\u611f\u52a8\u5230\u6d41\u6cea\uff0c\u5927\u7ea2\u706f\u7b3c\u9ad8\u9ad8\u6302\u771f\u662f\u4e00\u90e8\u597d\u7535\u5f71\uff0c53\u5237\uff01')
COMMIT
INSERT INTO USER_MOVIE VALUES('2025042619','admin','\u7ea2\u9ad8\u7cb1',29,'','\u5267\u60c5\u5341\u5206\u7cbe\u5f69\uff0c\u7ea2\u9ad8\u7cb1\u771f\u662f\u4e00\u90e8\u597d\u7535\u5f71\uff0c54\u5237\uff01')
COMMIT
INSERT INTO USER_MOVIE VALUES('2025042720','admin','\u6d3b\u7740',195,'','\u8ba9\u4eba\u56de\u5473\u65e0\u7a77\uff0c\u6d3b\u7740\u771f\u662f\u4e00\u90e8\u597d\u7535\u5f71\uff0c55\u5237\uff01')
COMMIT
INSERT INTO USER_MOVIE VALUES('2025042821','admin','\u91cd\u5e86\u68ee\u6797',46,'','\u770b\u4e86\u597d\u51e0\u904d\uff0c\u91cd\u5e86\u68ee\u6797\u771f\u662f\u4e00\u90e8\u597d\u7535\u5f71\uff0c56\u5237\uff01')
COMMIT
INSERT INTO USER_MOVIE VALUES('2025040108','admin','\u82b1\u6837\u5e74\u534e',77,'','\u611f\u52a8\u5230\u6d41\u6cea\uff0c\u82b1\u6837\u5e74\u534e\u771f\u662f\u4e00\u90e8\u597d\u7535\u5f71\uff0c57\u5237\uff01')
COMMIT
INSERT INTO USER_MOVIE VALUES('2025040209','admin','\u6625\u5149\u4e4d\u6cc4',131,'','\u6545\u4e8b\u5f15\u4eba\u5165\u80dc\uff0c\u6625\u5149\u4e4d\u6cc4\u771f\u662f\u4e00\u90e8\u597d\u7535\u5f71\uff0c58\u5237\uff01')
COMMIT
INSERT INTO USER_MOVIE VALUES('2025040310','admin','\u963f\u98de\u6b63\u4f20',126,'','\u6f14\u5458\u9635\u5bb9\u5f3a\u5927\uff0c\u963f\u98de\u6b63\u4f20\u771f\u662f\u4e00\u90e8\u597d\u7535\u5f71\uff0c59\u5237\uff01')
COMMIT
INSERT INTO USER_MOVIE VALUES('2025040411','admin','\u4e1c\u90aa\u897f\u6bd2',46,'','\u5e74\u5ea6\u6700\u4f73\uff0c\u4e1c\u90aa\u897f\u6bd2\u771f\u662f\u4e00\u90e8\u597d\u7535\u5f71\uff0c60\u5237\uff01')
COMMIT
INSERT INTO USER_MOVIE VALUES('2025040512','admin','\u8bc1\u4eba',86,'','\u753b\u9762\u7cbe\u7f8e\u7edd\u4f26\uff0c\u8bc1\u4eba\u771f\u662f\u4e00\u90e8\u597d\u7535\u5f71\uff0c61\u5237\uff01')
COMMIT
INSERT INTO USER_MOVIE VALUES('2025040613','admin','\u626b\u6bd2',58,'','\u7ecf\u5178\u6c38\u4e0d\u8fc7\u65f6\uff0c\u626b\u6bd2\u771f\u662f\u4e00\u90e8\u597d\u7535\u5f71\uff0c62\u5237\uff01')
COMMIT
INSERT INTO USER_MOVIE VALUES('2025040714','admin','\u5bd2\u6218',172,'','\u7b11\u4e2d\u5e26\u6cea\u7684\u597d\u7247\uff0c\u5bd2\u6218\u771f\u662f\u4e00\u90e8\u597d\u7535\u5f71\uff0c63\u5237\uff01')
COMMIT
INSERT INTO USER_MOVIE VALUES('2025040815','admin','\u98ce\u66b4',42,'','\u7ecf\u5178\u6c38\u4e0d\u8fc7\u65f6\uff0c\u98ce\u66b4\u771f\u662f\u4e00\u90e8\u597d\u7535\u5f71\uff0c64\u5237\uff01')
COMMIT
INSERT INTO USER_MOVIE VALUES('2025040916','admin','\u62c6\u5f39\u4e13\u5bb6',153,'','\u8ba9\u4eba\u56de\u5473\u65e0\u7a77\uff0c\u62c6\u5f39\u4e13\u5bb6\u771f\u662f\u4e00\u90e8\u597d\u7535\u5f71\uff0c65\u5237\uff01')
COMMIT
INSERT INTO USER_MOVIE VALUES('2025041017','admin','\u660e\u65e5\u6218\u8bb0',132,'','\u7b11\u4e2d\u5e26\u6cea\u7684\u597d\u7247\uff0c\u660e\u65e5\u6218\u8bb0\u771f\u662f\u4e00\u90e8\u597d\u7535\u5f71\uff0c66\u5237\uff01')
COMMIT
INSERT INTO USER_MOVIE VALUES('2025041118','admin','\u6d41\u6d6a\u5730\u7403',78,'','\u7b11\u4e2d\u5e26\u6cea\u7684\u597d\u7247\uff0c\u6d41\u6d6a\u5730\u7403\u771f\u662f\u4e00\u90e8\u597d\u7535\u5f71\uff0c67\u5237\uff01')
COMMIT
INSERT INTO USER_MOVIE VALUES('2025041219','admin','\u6218\u72fc2',92,'','\u753b\u9762\u7cbe\u7f8e\u7edd\u4f26\uff0c\u6218\u72fc2\u771f\u662f\u4e00\u90e8\u597d\u7535\u5f71\uff0c68\u5237\uff01')
COMMIT
INSERT INTO USER_MOVIE VALUES('2025051320','admin','\u957f\u6d25\u6e56',125,'','\u8ba9\u4eba\u56de\u5473\u65e0\u7a77\uff0c\u957f\u6d25\u6e56\u771f\u662f\u4e00\u90e8\u597d\u7535\u5f71\uff0c69\u5237\uff01')
COMMIT
INSERT INTO USER_MOVIE VALUES('2025051421','admin','\u4f60\u597d\u674e\u7115\u82f1',127,'','\u8282\u594f\u628a\u63a7\u5b8c\u7f8e\uff0c\u4f60\u597d\u674e\u7115\u82f1\u771f\u662f\u4e00\u90e8\u597d\u7535\u5f71\uff0c70\u5237\uff01')
COMMIT
INSERT INTO USER_MOVIE VALUES('2025051508','admin','\u54ea\u5412\u4e4b\u9b54\u7ae5\u964d\u4e16',193,'','\u6f14\u6280\u70b8\u88c2\uff0c\u54ea\u5412\u4e4b\u9b54\u7ae5\u964d\u4e16\u771f\u662f\u4e00\u90e8\u597d\u7535\u5f71\uff0c71\u5237\uff01')
COMMIT
INSERT INTO USER_MOVIE VALUES('2025051609','admin','\u5927\u5723\u5f52\u6765',141,'','\u7ecf\u5178\u6c38\u4e0d\u8fc7\u65f6\uff0c\u5927\u5723\u5f52\u6765\u771f\u662f\u4e00\u90e8\u597d\u7535\u5f71\uff0c72\u5237\uff01')
COMMIT
INSERT INTO USER_MOVIE VALUES('2025051710','admin','\u767d\u86c7\u7f18\u8d77',64,'','\u7ecf\u5178\u6c38\u4e0d\u8fc7\u65f6\uff0c\u767d\u86c7\u7f18\u8d77\u771f\u662f\u4e00\u90e8\u597d\u7535\u5f71\uff0c73\u5237\uff01')
COMMIT
INSERT INTO USER_MOVIE VALUES('2025051811','admin','\u59dc\u5b50\u7259',38,'','\u8282\u594f\u628a\u63a7\u5b8c\u7f8e\uff0c\u59dc\u5b50\u7259\u771f\u662f\u4e00\u90e8\u597d\u7535\u5f71\uff0c74\u5237\uff01')
COMMIT
INSERT INTO USER_MOVIE VALUES('2025051912','admin','\u6df1\u6d77',87,'','\u503c\u5f97\u63a8\u8350\u7684\u597d\u7247\uff0c\u6df1\u6d77\u771f\u662f\u4e00\u90e8\u597d\u7535\u5f71\uff0c75\u5237\uff01')
COMMIT
INSERT INTO USER_MOVIE VALUES('2025052013','admin','\u6ee1\u6c5f\u7ea2',150,'','\u6f14\u5458\u9635\u5bb9\u5f3a\u5927\uff0c\u6ee1\u6c5f\u7ea2\u771f\u662f\u4e00\u90e8\u597d\u7535\u5f71\uff0c76\u5237\uff01')
COMMIT
INSERT INTO USER_MOVIE VALUES('2025052114','admin','\u6d88\u5931\u7684\u5979',121,'','\u6f14\u5458\u9635\u5bb9\u5f3a\u5927\uff0c\u6d88\u5931\u7684\u5979\u771f\u662f\u4e00\u90e8\u597d\u7535\u5f71\uff0c77\u5237\uff01')
COMMIT
INSERT INTO USER_MOVIE VALUES('2025052215','admin','\u5b64\u6ce8\u4e00\u63b7',21,'','\u5e74\u5ea6\u6700\u4f73\uff0c\u5b64\u6ce8\u4e00\u63b7\u771f\u662f\u4e00\u90e8\u597d\u7535\u5f71\uff0c78\u5237\uff01')
COMMIT
INSERT INTO USER_MOVIE VALUES('2025052316','admin','\u516b\u89d2\u7b3c\u4e2d',160,'','\u611f\u52a8\u5230\u6d41\u6cea\uff0c\u516b\u89d2\u7b3c\u4e2d\u771f\u662f\u4e00\u90e8\u597d\u7535\u5f71\uff0c79\u5237\uff01')
COMMIT
INSERT INTO USER_MOVIE VALUES('2025052417','admin','\u5c01\u795e\u7b2c\u4e00\u90e8',22,'','\u503c\u5f97\u63a8\u8350\u7684\u597d\u7247\uff0c\u5c01\u795e\u7b2c\u4e00\u90e8\u771f\u662f\u4e00\u90e8\u597d\u7535\u5f71\uff0c80\u5237\uff01')
COMMIT
INSERT INTO USER_MOVIE VALUES('2025052518','admin','\u98de\u9a70\u4eba\u751f2',24,'','\u7279\u6548\u4ee4\u4eba\u60ca\u53f9\uff0c\u98de\u9a70\u4eba\u751f2\u771f\u662f\u4e00\u90e8\u597d\u7535\u5f71\uff0c81\u5237\uff01')
COMMIT
INSERT INTO USER_MOVIE VALUES('2025052619','admin','\u70ed\u8fa3\u6eda\u70eb',40,'','\u6545\u4e8b\u5f15\u4eba\u5165\u80dc\uff0c\u70ed\u8fa3\u6eda\u70eb\u771f\u662f\u4e00\u90e8\u597d\u7535\u5f71\uff0c82\u5237\uff01')
COMMIT
INSERT INTO USER_MOVIE VALUES('2025052720','admin','\u7b2c\u4e8c\u5341\u6761',165,'','\u6545\u4e8b\u5f15\u4eba\u5165\u80dc\uff0c\u7b2c\u4e8c\u5341\u6761\u771f\u662f\u4e00\u90e8\u597d\u7535\u5f71\uff0c83\u5237\uff01')
COMMIT
INSERT INTO USER_MOVIE VALUES('2025052821','admin','\u5e74\u4f1a\u4e0d\u80fd\u505c',70,'','\u914d\u4e50\u975e\u5e38\u51fa\u8272\uff0c\u5e74\u4f1a\u4e0d\u80fd\u505c\u771f\u662f\u4e00\u90e8\u597d\u7535\u5f71\uff0c84\u5237\uff01')
COMMIT
INSERT INTO USER_MOVIE VALUES('2025050108','admin','\u4e09\u5927\u961f',49,'','\u611f\u52a8\u5230\u6d41\u6cea\uff0c\u4e09\u5927\u961f\u771f\u662f\u4e00\u90e8\u597d\u7535\u5f71\uff0c85\u5237\uff01')
COMMIT
INSERT INTO USER_MOVIE VALUES('2025060209','admin','\u6d89\u8fc7\u6124\u6012\u7684\u6d77',124,'','\u5bfc\u6f14\u529f\u529b\u6df1\u539a\uff0c\u6d89\u8fc7\u6124\u6012\u7684\u6d77\u771f\u662f\u4e00\u90e8\u597d\u7535\u5f71\uff0c86\u5237\uff01')
COMMIT
INSERT INTO USER_MOVIE VALUES('2025060310','admin','\u6cb3\u8fb9\u7684\u9519\u8bef',101,'','\u753b\u9762\u7cbe\u7f8e\u7edd\u4f26\uff0c\u6cb3\u8fb9\u7684\u9519\u8bef\u771f\u662f\u4e00\u90e8\u597d\u7535\u5f71\uff0c87\u5237\uff01')
COMMIT
INSERT INTO USER_MOVIE VALUES('2025060411','admin','\u5b87\u5b99\u63a2\u7d22\u7f16\u8f91\u90e8',186,'','\u503c\u5f97\u63a8\u8350\u7684\u597d\u7247\uff0c\u5b87\u5b99\u63a2\u7d22\u7f16\u8f91\u90e8\u771f\u662f\u4e00\u90e8\u597d\u7535\u5f71\uff0c88\u5237\uff01')
COMMIT
INSERT INTO USER_MOVIE VALUES('2025060512','admin','\u957f\u5b89\u4e09\u4e07\u91cc',92,'','\u7279\u6548\u4ee4\u4eba\u60ca\u53f9\uff0c\u957f\u5b89\u4e09\u4e07\u91cc\u771f\u662f\u4e00\u90e8\u597d\u7535\u5f71\uff0c89\u5237\uff01')
COMMIT
INSERT INTO USER_MOVIE VALUES('2025060613','admin','\u718a\u51fa\u6ca1',189,'','\u8ba9\u4eba\u56de\u5473\u65e0\u7a77\uff0c\u718a\u51fa\u6ca1\u771f\u662f\u4e00\u90e8\u597d\u7535\u5f71\uff0c90\u5237\uff01')
COMMIT
INSERT INTO USER_MOVIE VALUES('2025060714','admin','\u5fd7\u613f\u519b',166,'','\u914d\u4e50\u975e\u5e38\u51fa\u8272\uff0c\u5fd7\u613f\u519b\u771f\u662f\u4e00\u90e8\u597d\u7535\u5f71\uff0c91\u5237\uff01')
COMMIT
INSERT INTO USER_MOVIE VALUES('2025060815','admin','\u575a\u5982\u78d0\u77f3',130,'','\u5e74\u5ea6\u6700\u4f73\uff0c\u575a\u5982\u78d0\u77f3\u771f\u662f\u4e00\u90e8\u597d\u7535\u5f71\uff0c92\u5237\uff01')
COMMIT
INSERT INTO USER_MOVIE VALUES('2025060916','admin','\u4eba\u751f\u5927\u4e8b',74,'','\u9707\u64bc\u5fc3\u7075\u7684\u4f5c\u54c1\uff0c\u4eba\u751f\u5927\u4e8b\u771f\u662f\u4e00\u90e8\u597d\u7535\u5f71\uff0c93\u5237\uff01')
COMMIT
INSERT INTO USER_MOVIE VALUES('2025061017','admin','\u5947\u8ff9\u7b28\u5c0f\u5b69',56,'','\u9707\u64bc\u5fc3\u7075\u7684\u4f5c\u54c1\uff0c\u5947\u8ff9\u7b28\u5c0f\u5b69\u771f\u662f\u4e00\u90e8\u597d\u7535\u5f71\uff0c94\u5237\uff01')
COMMIT
INSERT INTO USER_MOVIE VALUES('2025061118','admin','\u8fd9\u4e2a\u6740\u624b\u4e0d\u592a\u51b7\u9759',32,'','\u611f\u52a8\u5230\u6d41\u6cea\uff0c\u8fd9\u4e2a\u6740\u624b\u4e0d\u592a\u51b7\u9759\u771f\u662f\u4e00\u90e8\u597d\u7535\u5f71\uff0c95\u5237\uff01')
COMMIT
INSERT INTO USER_MOVIE VALUES('2025061219','admin','\u8096\u7533\u514b\u7684\u6551\u8d4e',118,'','\u8282\u594f\u628a\u63a7\u5b8c\u7f8e\uff0c\u8096\u7533\u514b\u7684\u6551\u8d4e\u771f\u662f\u4e00\u90e8\u597d\u7535\u5f71\uff0c96\u5237\uff01')
COMMIT
INSERT INTO USER_MOVIE VALUES('2025061320','admin','\u9738\u738b\u522b\u59ec',166,'','\u770b\u5b8c\u4e45\u4e45\u4e0d\u80fd\u5e73\u9759\uff0c\u9738\u738b\u522b\u59ec\u771f\u662f\u4e00\u90e8\u597d\u7535\u5f71\uff0c97\u5237\uff01')
COMMIT
INSERT INTO USER_MOVIE VALUES('2025061421','admin','\u963f\u7518\u6b63\u4f20',146,'','\u5e74\u5ea6\u6700\u4f73\uff0c\u963f\u7518\u6b63\u4f20\u771f\u662f\u4e00\u90e8\u597d\u7535\u5f71\uff0c98\u5237\uff01')
COMMIT
INSERT INTO USER_MOVIE VALUES('2025061508','admin','\u6cf0\u5766\u5c3c\u514b\u53f7',169,'','\u7ecf\u5178\u6c38\u4e0d\u8fc7\u65f6\uff0c\u6cf0\u5766\u5c3c\u514b\u53f7\u771f\u662f\u4e00\u90e8\u597d\u7535\u5f71\uff0c99\u5237\uff01')
COMMIT
INSERT INTO USER_MOVIE VALUES('2025061609','admin','\u5343\u4e0e\u5343\u5bfb',153,'','\u5bfc\u6f14\u529f\u529b\u6df1\u539a\uff0c\u5343\u4e0e\u5343\u5bfb\u771f\u662f\u4e00\u90e8\u597d\u7535\u5f71\uff0c100\u5237\uff01')
COMMIT
INSERT INTO USER_MOVIE VALUES('2025061710','admin','\u8fd9\u4e2a\u6740\u624b\u4e0d\u592a\u51b7',149,'','\u753b\u9762\u7cbe\u7f8e\u7edd\u4f26\uff0c\u8fd9\u4e2a\u6740\u624b\u4e0d\u592a\u51b7\u771f\u662f\u4e00\u90e8\u597d\u7535\u5f71\uff0c101\u5237\uff01')
COMMIT
INSERT INTO USER_MOVIE VALUES('2025061811','admin','\u661f\u9645\u7a7f\u8d8a',158,'','\u753b\u9762\u7cbe\u7f8e\u7edd\u4f26\uff0c\u661f\u9645\u7a7f\u8d8a\u771f\u662f\u4e00\u90e8\u597d\u7535\u5f71\uff0c102\u5237\uff01')
COMMIT
INSERT INTO USER_MOVIE VALUES('2025071912','admin','\u76d7\u68a6\u7a7a\u95f4',49,'','\u7acb\u610f\u6df1\u523b\uff0c\u76d7\u68a6\u7a7a\u95f4\u771f\u662f\u4e00\u90e8\u597d\u7535\u5f71\uff0c103\u5237\uff01')
COMMIT
INSERT INTO USER_MOVIE VALUES('2025072013','admin','\u695a\u95e8\u7684\u4e16\u754c',122,'','\u611f\u52a8\u5230\u6d41\u6cea\uff0c\u695a\u95e8\u7684\u4e16\u754c\u771f\u662f\u4e00\u90e8\u597d\u7535\u5f71\uff0c104\u5237\uff01')
COMMIT
INSERT INTO USER_MOVIE VALUES('2025072114','admin','\u5fe0\u72ac\u516b\u516c\u7684\u6545\u4e8b',114,'','\u975e\u5e38\u597d\u770b\u7684\u7535\u5f71\uff0c\u5fe0\u72ac\u516b\u516c\u7684\u6545\u4e8b\u771f\u662f\u4e00\u90e8\u597d\u7535\u5f71\uff0c105\u5237\uff01')
COMMIT
INSERT INTO USER_MOVIE VALUES('2025072215','admin','\u6d77\u4e0a\u94a2\u7434\u5e08',50,'','\u8282\u594f\u628a\u63a7\u5b8c\u7f8e\uff0c\u6d77\u4e0a\u94a2\u7434\u5e08\u771f\u662f\u4e00\u90e8\u597d\u7535\u5f71\uff0c106\u5237\uff01')
COMMIT
INSERT INTO USER_MOVIE VALUES('2025072316','admin','\u4e09\u50bb\u5927\u95f9\u5b9d\u83b1\u575e',88,'','\u753b\u9762\u7cbe\u7f8e\u7edd\u4f26\uff0c\u4e09\u50bb\u5927\u95f9\u5b9d\u83b1\u575e\u771f\u662f\u4e00\u90e8\u597d\u7535\u5f71\uff0c107\u5237\uff01')
COMMIT
INSERT INTO USER_MOVIE VALUES('2025072417','admin','\u653e\u725b\u73ed\u7684\u6625\u5929',174,'','\u9707\u64bc\u5fc3\u7075\u7684\u4f5c\u54c1\uff0c\u653e\u725b\u73ed\u7684\u6625\u5929\u771f\u662f\u4e00\u90e8\u597d\u7535\u5f71\uff0c108\u5237\uff01')
COMMIT
INSERT INTO USER_MOVIE VALUES('2025072518','admin','\u673a\u5668\u4eba\u603b\u52a8\u5458',139,'','\u611f\u52a8\u5230\u6d41\u6cea\uff0c\u673a\u5668\u4eba\u603b\u52a8\u5458\u771f\u662f\u4e00\u90e8\u597d\u7535\u5f71\uff0c109\u5237\uff01')
COMMIT
INSERT INTO USER_MOVIE VALUES('2025072619','admin','\u5927\u8bdd\u897f\u6e38',103,'','\u7ecf\u5178\u6c38\u4e0d\u8fc7\u65f6\uff0c\u5927\u8bdd\u897f\u6e38\u771f\u662f\u4e00\u90e8\u597d\u7535\u5f71\uff0c110\u5237\uff01')
COMMIT
INSERT INTO USER_MOVIE VALUES('2025072720','admin','\u9f99\u732b',55,'','\u503c\u5f97\u63a8\u8350\u7684\u597d\u7247\uff0c\u9f99\u732b\u771f\u662f\u4e00\u90e8\u597d\u7535\u5f71\uff0c111\u5237\uff01')
COMMIT
INSERT INTO USER_MOVIE VALUES('2025072821','admin','\u6559\u7236',171,'','\u7ecf\u5178\u6c38\u4e0d\u8fc7\u65f6\uff0c\u6559\u7236\u771f\u662f\u4e00\u90e8\u597d\u7535\u5f71\uff0c112\u5237\uff01')
COMMIT
INSERT INTO USER_MOVIE VALUES('2025070108','admin','\u8759\u8760\u4fa0\uff1a\u9ed1\u6697\u9a91\u58eb',113,'','\u8282\u594f\u628a\u63a7\u5b8c\u7f8e\uff0c\u8759\u8760\u4fa0\uff1a\u9ed1\u6697\u9a91\u58eb\u771f\u662f\u4e00\u90e8\u597d\u7535\u5f71\uff0c113\u5237\uff01')
COMMIT
INSERT INTO USER_MOVIE VALUES('2025070209','admin','\u5341\u4e8c\u6012\u6c49',96,'','\u8282\u594f\u628a\u63a7\u5b8c\u7f8e\uff0c\u5341\u4e8c\u6012\u6c49\u771f\u662f\u4e00\u90e8\u597d\u7535\u5f71\uff0c114\u5237\uff01')
COMMIT
INSERT INTO USER_MOVIE VALUES('2025070310','admin','\u8f9b\u5fb7\u52d2\u7684\u540d\u5355',174,'','\u6f14\u6280\u70b8\u88c2\uff0c\u8f9b\u5fb7\u52d2\u7684\u540d\u5355\u771f\u662f\u4e00\u90e8\u597d\u7535\u5f71\uff0c115\u5237\uff01')
COMMIT
INSERT INTO USER_MOVIE VALUES('2025070411','admin','\u75af\u72c2\u52a8\u7269\u57ce',185,'','\u7acb\u610f\u6df1\u523b\uff0c\u75af\u72c2\u52a8\u7269\u57ce\u771f\u662f\u4e00\u90e8\u597d\u7535\u5f71\uff0c116\u5237\uff01')
COMMIT
INSERT INTO USER_MOVIE VALUES('2025070512','admin','\u5bfb\u68a6\u73af\u6e38\u8bb0',78,'','\u6f14\u6280\u70b8\u88c2\uff0c\u5bfb\u68a6\u73af\u6e38\u8bb0\u771f\u662f\u4e00\u90e8\u597d\u7535\u5f71\uff0c117\u5237\uff01')
COMMIT
INSERT INTO USER_MOVIE VALUES('2025070613','admin','\u5c11\u5e74\u6d3e\u7684\u5947\u5e7b\u6f02\u6d41',146,'','\u5e74\u5ea6\u6700\u4f73\uff0c\u5c11\u5e74\u6d3e\u7684\u5947\u5e7b\u6f02\u6d41\u771f\u662f\u4e00\u90e8\u597d\u7535\u5f71\uff0c118\u5237\uff01')
COMMIT
INSERT INTO USER_MOVIE VALUES('2025070714','admin','\u6307\u73af\u738b',27,'','\u6545\u4e8b\u5f15\u4eba\u5165\u80dc\uff0c\u6307\u73af\u738b\u771f\u662f\u4e00\u90e8\u597d\u7535\u5f71\uff0c119\u5237\uff01')
COMMIT
INSERT INTO USER_MOVIE VALUES('2025080815','admin','\u54c8\u5229\u00b7\u6ce2\u7279',73,'','\u6545\u4e8b\u5f15\u4eba\u5165\u80dc\uff0c\u54c8\u5229\u00b7\u6ce2\u7279\u771f\u662f\u4e00\u90e8\u597d\u7535\u5f71\uff0c120\u5237\uff01')
COMMIT
INSERT INTO USER_MOVIE VALUES('2025080916','admin','\u529f\u592b',26,'','\u5267\u60c5\u5341\u5206\u7cbe\u5f69\uff0c\u529f\u592b\u771f\u662f\u4e00\u90e8\u597d\u7535\u5f71\uff0c121\u5237\uff01')
COMMIT
INSERT INTO USER_MOVIE VALUES('2025081017','admin','\u8ba9\u5b50\u5f39\u98de',151,'','\u6545\u4e8b\u5f15\u4eba\u5165\u80dc\uff0c\u8ba9\u5b50\u5f39\u98de\u771f\u662f\u4e00\u90e8\u597d\u7535\u5f71\uff0c122\u5237\uff01')
COMMIT
INSERT INTO USER_MOVIE VALUES('2025081118','admin','\u9b3c\u5b50\u6765\u4e86',68,'','\u503c\u5f97\u63a8\u8350\u7684\u597d\u7247\uff0c\u9b3c\u5b50\u6765\u4e86\u771f\u662f\u4e00\u90e8\u597d\u7535\u5f71\uff0c123\u5237\uff01')
COMMIT
INSERT INTO USER_MOVIE VALUES('2025081219','admin','\u65e0\u95f4\u9053',81,'','\u611f\u52a8\u5230\u6d41\u6cea\uff0c\u65e0\u95f4\u9053\u771f\u662f\u4e00\u90e8\u597d\u7535\u5f71\uff0c124\u5237\uff01')
COMMIT
INSERT INTO USER_MOVIE VALUES('2025081320','admin','\u5c81\u6708\u795e\u5077',50,'','\u6f14\u5458\u9635\u5bb9\u5f3a\u5927\uff0c\u5c81\u6708\u795e\u5077\u771f\u662f\u4e00\u90e8\u597d\u7535\u5f71\uff0c125\u5237\uff01')
COMMIT
INSERT INTO USER_MOVIE VALUES('2025081421','admin','\u5929\u5802\u7535\u5f71\u9662',173,'','\u9707\u64bc\u5fc3\u7075\u7684\u4f5c\u54c1\uff0c\u5929\u5802\u7535\u5f71\u9662\u771f\u662f\u4e00\u90e8\u597d\u7535\u5f71\uff0c126\u5237\uff01')
COMMIT
INSERT INTO USER_MOVIE VALUES('2025081508','admin','\u7f8e\u4e3d\u4eba\u751f',121,'','\u9707\u64bc\u5fc3\u7075\u7684\u4f5c\u54c1\uff0c\u7f8e\u4e3d\u4eba\u751f\u771f\u662f\u4e00\u90e8\u597d\u7535\u5f71\uff0c127\u5237\uff01')
COMMIT
INSERT INTO USER_MOVIE VALUES('2025081609','admin','\u5f53\u5e78\u798f\u6765\u6572\u95e8',113,'','\u6f14\u5458\u9635\u5bb9\u5f3a\u5927\uff0c\u5f53\u5e78\u798f\u6765\u6572\u95e8\u771f\u662f\u4e00\u90e8\u597d\u7535\u5f71\uff0c128\u5237\uff01')
COMMIT
INSERT INTO USER_MOVIE VALUES('2025081710','admin','\u98de\u5c4b\u73af\u6e38\u8bb0',139,'','\u5e74\u5ea6\u6700\u4f73\uff0c\u98de\u5c4b\u73af\u6e38\u8bb0\u771f\u662f\u4e00\u90e8\u597d\u7535\u5f71\uff0c129\u5237\uff01')
COMMIT
INSERT INTO USER_MOVIE VALUES('2025081811','admin','\u51b0\u96ea\u5947\u7f18',35,'','\u611f\u52a8\u5230\u6d41\u6cea\uff0c\u51b0\u96ea\u5947\u7f18\u771f\u662f\u4e00\u90e8\u597d\u7535\u5f71\uff0c130\u5237\uff01')
COMMIT
INSERT INTO USER_MOVIE VALUES('2025081912','admin','\u5934\u8111\u7279\u5de5\u961f',178,'','\u914d\u4e50\u975e\u5e38\u51fa\u8272\uff0c\u5934\u8111\u7279\u5de5\u961f\u771f\u662f\u4e00\u90e8\u597d\u7535\u5f71\uff0c131\u5237\uff01')
COMMIT
INSERT INTO USER_MOVIE VALUES('2025082013','admin','\u72ee\u5b50\u738b',140,'','\u7279\u6548\u4ee4\u4eba\u60ca\u53f9\uff0c\u72ee\u5b50\u738b\u771f\u662f\u4e00\u90e8\u597d\u7535\u5f71\uff0c132\u5237\uff01')
COMMIT
INSERT INTO USER_MOVIE VALUES('2025082114','admin','\u73a9\u5177\u603b\u52a8\u5458',84,'','\u6f14\u6280\u70b8\u88c2\uff0c\u73a9\u5177\u603b\u52a8\u5458\u771f\u662f\u4e00\u90e8\u597d\u7535\u5f71\uff0c133\u5237\uff01')
COMMIT
INSERT INTO USER_MOVIE VALUES('2025082215','admin','\u62ef\u6551\u5927\u5175\u745e\u6069',145,'','\u6f14\u6280\u70b8\u88c2\uff0c\u62ef\u6551\u5927\u5175\u745e\u6069\u771f\u662f\u4e00\u90e8\u597d\u7535\u5f71\uff0c134\u5237\uff01')
COMMIT
INSERT INTO USER_MOVIE VALUES('2025082316','admin','\u9ed1\u5ba2\u5e1d\u56fd',119,'','\u5267\u60c5\u5341\u5206\u7cbe\u5f69\uff0c\u9ed1\u5ba2\u5e1d\u56fd\u771f\u662f\u4e00\u90e8\u597d\u7535\u5f71\uff0c135\u5237\uff01')
COMMIT
INSERT INTO USER_MOVIE VALUES('2025082417','admin','\u4f8f\u7f57\u7eaa\u516c\u56ed',34,'','\u975e\u5e38\u597d\u770b\u7684\u7535\u5f71\uff0c\u4f8f\u7f57\u7eaa\u516c\u56ed\u771f\u662f\u4e00\u90e8\u597d\u7535\u5f71\uff0c136\u5237\uff01')
COMMIT
INSERT INTO USER_MOVIE VALUES('2025092518','admin','\u56de\u5230\u672a\u6765',68,'','\u611f\u52a8\u5230\u6d41\u6cea\uff0c\u56de\u5230\u672a\u6765\u771f\u662f\u4e00\u90e8\u597d\u7535\u5f71\uff0c137\u5237\uff01')
COMMIT
INSERT INTO USER_MOVIE VALUES('2025092619','admin','ET\u5916\u661f\u4eba',70,'','\u5e74\u5ea6\u6700\u4f73\uff0cET\u5916\u661f\u4eba\u771f\u662f\u4e00\u90e8\u597d\u7535\u5f71\uff0c138\u5237\uff01')
COMMIT
INSERT INTO USER_MOVIE VALUES('2025092720','admin','\u593a\u5b9d\u5947\u5175',86,'','\u5267\u60c5\u5341\u5206\u7cbe\u5f69\uff0c\u593a\u5b9d\u5947\u5175\u771f\u662f\u4e00\u90e8\u597d\u7535\u5f71\uff0c139\u5237\uff01')
COMMIT
INSERT INTO USER_MOVIE VALUES('2025092821','admin','\u52c7\u6562\u7684\u5fc3',23,'','\u8ba9\u4eba\u56de\u5473\u65e0\u7a77\uff0c\u52c7\u6562\u7684\u5fc3\u771f\u662f\u4e00\u90e8\u597d\u7535\u5f71\uff0c140\u5237\uff01')
COMMIT
INSERT INTO USER_MOVIE VALUES('2025090108','admin','\u89d2\u6597\u58eb',87,'','\u5e74\u5ea6\u6700\u4f73\uff0c\u89d2\u6597\u58eb\u771f\u662f\u4e00\u90e8\u597d\u7535\u5f71\uff0c141\u5237\uff01')
COMMIT
INSERT INTO USER_MOVIE VALUES('2025090209','admin','\u94a2\u7434\u5bb6',152,'','\u7acb\u610f\u6df1\u523b\uff0c\u94a2\u7434\u5bb6\u771f\u662f\u4e00\u90e8\u597d\u7535\u5f71\uff0c142\u5237\uff01')
COMMIT
INSERT INTO USER_MOVIE VALUES('2025090310','admin','\u56fd\u738b\u7684\u6f14\u8bb2',150,'','\u5267\u60c5\u5341\u5206\u7cbe\u5f69\uff0c\u56fd\u738b\u7684\u6f14\u8bb2\u771f\u662f\u4e00\u90e8\u597d\u7535\u5f71\uff0c143\u5237\uff01')
COMMIT
INSERT INTO USER_MOVIE VALUES('2025090411','admin','\u8d2b\u6c11\u7a9f\u7684\u767e\u4e07\u5bcc\u7fc1',159,'','\u753b\u9762\u7cbe\u7f8e\u7edd\u4f26\uff0c\u8d2b\u6c11\u7a9f\u7684\u767e\u4e07\u5bcc\u7fc1\u771f\u662f\u4e00\u90e8\u597d\u7535\u5f71\uff0c144\u5237\uff01')
COMMIT
INSERT INTO USER_MOVIE VALUES('2025090512','admin','\u5367\u864e\u85cf\u9f99',125,'','\u6545\u4e8b\u5f15\u4eba\u5165\u80dc\uff0c\u5367\u864e\u85cf\u9f99\u771f\u662f\u4e00\u90e8\u597d\u7535\u5f71\uff0c145\u5237\uff01')
COMMIT
INSERT INTO USER_MOVIE VALUES('2025090613','admin','\u82f1\u96c4',80,'','\u770b\u5b8c\u4e45\u4e45\u4e0d\u80fd\u5e73\u9759\uff0c\u82f1\u96c4\u771f\u662f\u4e00\u90e8\u597d\u7535\u5f71\uff0c146\u5237\uff01')
COMMIT
INSERT INTO USER_MOVIE VALUES('2025090714','admin','\u5341\u9762\u57cb\u4f0f',159,'','\u8ba9\u4eba\u56de\u5473\u65e0\u7a77\uff0c\u5341\u9762\u57cb\u4f0f\u771f\u662f\u4e00\u90e8\u597d\u7535\u5f71\uff0c147\u5237\uff01')
COMMIT
INSERT INTO USER_MOVIE VALUES('2025090815','admin','\u5927\u7ea2\u706f\u7b3c\u9ad8\u9ad8\u6302',67,'','\u7acb\u610f\u6df1\u523b\uff0c\u5927\u7ea2\u706f\u7b3c\u9ad8\u9ad8\u6302\u771f\u662f\u4e00\u90e8\u597d\u7535\u5f71\uff0c148\u5237\uff01')
COMMIT
INSERT INTO USER_MOVIE VALUES('2025090916','admin','\u7ea2\u9ad8\u7cb1',23,'','\u6f14\u5458\u9635\u5bb9\u5f3a\u5927\uff0c\u7ea2\u9ad8\u7cb1\u771f\u662f\u4e00\u90e8\u597d\u7535\u5f71\uff0c149\u5237\uff01')
COMMIT
INSERT INTO USER_MOVIE VALUES('2025091017','admin','\u6d3b\u7740',61,'','\u8282\u594f\u628a\u63a7\u5b8c\u7f8e\uff0c\u6d3b\u7740\u771f\u662f\u4e00\u90e8\u597d\u7535\u5f71\uff0c150\u5237\uff01')
COMMIT
INSERT INTO USER_MOVIE VALUES('2025091118','admin','\u91cd\u5e86\u68ee\u6797',67,'','\u914d\u4e50\u975e\u5e38\u51fa\u8272\uff0c\u91cd\u5e86\u68ee\u6797\u771f\u662f\u4e00\u90e8\u597d\u7535\u5f71\uff0c151\u5237\uff01')
COMMIT
INSERT INTO USER_MOVIE VALUES('2025091219','admin','\u82b1\u6837\u5e74\u534e',194,'','\u5267\u60c5\u5341\u5206\u7cbe\u5f69\uff0c\u82b1\u6837\u5e74\u534e\u771f\u662f\u4e00\u90e8\u597d\u7535\u5f71\uff0c152\u5237\uff01')
COMMIT
INSERT INTO USER_MOVIE VALUES('2025091320','admin','\u6625\u5149\u4e4d\u6cc4',20,'','\u914d\u4e50\u975e\u5e38\u51fa\u8272\uff0c\u6625\u5149\u4e4d\u6cc4\u771f\u662f\u4e00\u90e8\u597d\u7535\u5f71\uff0c153\u5237\uff01')
COMMIT
INSERT INTO USER_MOVIE VALUES('2025101421','admin','\u963f\u98de\u6b63\u4f20',93,'','\u8282\u594f\u628a\u63a7\u5b8c\u7f8e\uff0c\u963f\u98de\u6b63\u4f20\u771f\u662f\u4e00\u90e8\u597d\u7535\u5f71\uff0c154\u5237\uff01')
COMMIT
INSERT INTO USER_MOVIE VALUES('2025101508','admin','\u4e1c\u90aa\u897f\u6bd2',66,'','\u7b11\u4e2d\u5e26\u6cea\u7684\u597d\u7247\uff0c\u4e1c\u90aa\u897f\u6bd2\u771f\u662f\u4e00\u90e8\u597d\u7535\u5f71\uff0c155\u5237\uff01')
COMMIT
INSERT INTO USER_MOVIE VALUES('2025101609','admin','\u8bc1\u4eba',85,'','\u770b\u5b8c\u4e45\u4e45\u4e0d\u80fd\u5e73\u9759\uff0c\u8bc1\u4eba\u771f\u662f\u4e00\u90e8\u597d\u7535\u5f71\uff0c156\u5237\uff01')
COMMIT
INSERT INTO USER_MOVIE VALUES('2025101710','admin','\u626b\u6bd2',24,'','\u5bfc\u6f14\u529f\u529b\u6df1\u539a\uff0c\u626b\u6bd2\u771f\u662f\u4e00\u90e8\u597d\u7535\u5f71\uff0c157\u5237\uff01')
COMMIT
INSERT INTO USER_MOVIE VALUES('2025101811','admin','\u5bd2\u6218',103,'','\u5bfc\u6f14\u529f\u529b\u6df1\u539a\uff0c\u5bd2\u6218\u771f\u662f\u4e00\u90e8\u597d\u7535\u5f71\uff0c158\u5237\uff01')
COMMIT
INSERT INTO USER_MOVIE VALUES('2025101912','admin','\u98ce\u66b4',135,'','\u8282\u594f\u628a\u63a7\u5b8c\u7f8e\uff0c\u98ce\u66b4\u771f\u662f\u4e00\u90e8\u597d\u7535\u5f71\uff0c159\u5237\uff01')
COMMIT
INSERT INTO USER_MOVIE VALUES('2025102013','admin','\u62c6\u5f39\u4e13\u5bb6',125,'','\u975e\u5e38\u597d\u770b\u7684\u7535\u5f71\uff0c\u62c6\u5f39\u4e13\u5bb6\u771f\u662f\u4e00\u90e8\u597d\u7535\u5f71\uff0c160\u5237\uff01')
COMMIT
INSERT INTO USER_MOVIE VALUES('2025102114','admin','\u660e\u65e5\u6218\u8bb0',107,'','\u9707\u64bc\u5fc3\u7075\u7684\u4f5c\u54c1\uff0c\u660e\u65e5\u6218\u8bb0\u771f\u662f\u4e00\u90e8\u597d\u7535\u5f71\uff0c161\u5237\uff01')
COMMIT
INSERT INTO USER_MOVIE VALUES('2025102215','admin','\u6d41\u6d6a\u5730\u7403',194,'','\u914d\u4e50\u975e\u5e38\u51fa\u8272\uff0c\u6d41\u6d6a\u5730\u7403\u771f\u662f\u4e00\u90e8\u597d\u7535\u5f71\uff0c162\u5237\uff01')
COMMIT
INSERT INTO USER_MOVIE VALUES('2025102316','admin','\u6218\u72fc2',148,'','\u770b\u5b8c\u4e45\u4e45\u4e0d\u80fd\u5e73\u9759\uff0c\u6218\u72fc2\u771f\u662f\u4e00\u90e8\u597d\u7535\u5f71\uff0c163\u5237\uff01')
COMMIT
INSERT INTO USER_MOVIE VALUES('2025102417','admin','\u957f\u6d25\u6e56',169,'','\u503c\u5f97\u63a8\u8350\u7684\u597d\u7247\uff0c\u957f\u6d25\u6e56\u771f\u662f\u4e00\u90e8\u597d\u7535\u5f71\uff0c164\u5237\uff01')
COMMIT
INSERT INTO USER_MOVIE VALUES('2025102518','admin','\u4f60\u597d\u674e\u7115\u82f1',26,'','\u8ba9\u4eba\u56de\u5473\u65e0\u7a77\uff0c\u4f60\u597d\u674e\u7115\u82f1\u771f\u662f\u4e00\u90e8\u597d\u7535\u5f71\uff0c165\u5237\uff01')
COMMIT
INSERT INTO USER_MOVIE VALUES('2025102619','admin','\u54ea\u5412\u4e4b\u9b54\u7ae5\u964d\u4e16',88,'','\u8282\u594f\u628a\u63a7\u5b8c\u7f8e\uff0c\u54ea\u5412\u4e4b\u9b54\u7ae5\u964d\u4e16\u771f\u662f\u4e00\u90e8\u597d\u7535\u5f71\uff0c166\u5237\uff01')
COMMIT
INSERT INTO USER_MOVIE VALUES('2025102720','admin','\u5927\u5723\u5f52\u6765',121,'','\u7acb\u610f\u6df1\u523b\uff0c\u5927\u5723\u5f52\u6765\u771f\u662f\u4e00\u90e8\u597d\u7535\u5f71\uff0c167\u5237\uff01')
COMMIT
INSERT INTO USER_MOVIE VALUES('2025102821','admin','\u767d\u86c7\u7f18\u8d77',136,'','\u7279\u6548\u4ee4\u4eba\u60ca\u53f9\uff0c\u767d\u86c7\u7f18\u8d77\u771f\u662f\u4e00\u90e8\u597d\u7535\u5f71\uff0c168\u5237\uff01')
COMMIT
INSERT INTO USER_MOVIE VALUES('2025100108','admin','\u59dc\u5b50\u7259',117,'','\u8282\u594f\u628a\u63a7\u5b8c\u7f8e\uff0c\u59dc\u5b50\u7259\u771f\u662f\u4e00\u90e8\u597d\u7535\u5f71\uff0c169\u5237\uff01')
COMMIT
INSERT INTO USER_MOVIE VALUES('2025100209','admin','\u6df1\u6d77',171,'','\u5267\u60c5\u5341\u5206\u7cbe\u5f69\uff0c\u6df1\u6d77\u771f\u662f\u4e00\u90e8\u597d\u7535\u5f71\uff0c170\u5237\uff01')
COMMIT
INSERT INTO USER_MOVIE VALUES('2025110310','admin','\u6ee1\u6c5f\u7ea2',149,'','\u5bfc\u6f14\u529f\u529b\u6df1\u539a\uff0c\u6ee1\u6c5f\u7ea2\u771f\u662f\u4e00\u90e8\u597d\u7535\u5f71\uff0c171\u5237\uff01')
COMMIT
INSERT INTO USER_MOVIE VALUES('2025110411','admin','\u6d88\u5931\u7684\u5979',107,'','\u7279\u6548\u4ee4\u4eba\u60ca\u53f9\uff0c\u6d88\u5931\u7684\u5979\u771f\u662f\u4e00\u90e8\u597d\u7535\u5f71\uff0c172\u5237\uff01')
COMMIT
INSERT INTO USER_MOVIE VALUES('2025110512','admin','\u5b64\u6ce8\u4e00\u63b7',111,'','\u753b\u9762\u7cbe\u7f8e\u7edd\u4f26\uff0c\u5b64\u6ce8\u4e00\u63b7\u771f\u662f\u4e00\u90e8\u597d\u7535\u5f71\uff0c173\u5237\uff01')
COMMIT
INSERT INTO USER_MOVIE VALUES('2025110613','admin','\u516b\u89d2\u7b3c\u4e2d',42,'','\u8282\u594f\u628a\u63a7\u5b8c\u7f8e\uff0c\u516b\u89d2\u7b3c\u4e2d\u771f\u662f\u4e00\u90e8\u597d\u7535\u5f71\uff0c174\u5237\uff01')
COMMIT
INSERT INTO USER_MOVIE VALUES('2025110714','admin','\u5c01\u795e\u7b2c\u4e00\u90e8',59,'','\u770b\u5b8c\u4e45\u4e45\u4e0d\u80fd\u5e73\u9759\uff0c\u5c01\u795e\u7b2c\u4e00\u90e8\u771f\u662f\u4e00\u90e8\u597d\u7535\u5f71\uff0c175\u5237\uff01')
COMMIT
INSERT INTO USER_MOVIE VALUES('2025110815','admin','\u98de\u9a70\u4eba\u751f2',44,'','\u7acb\u610f\u6df1\u523b\uff0c\u98de\u9a70\u4eba\u751f2\u771f\u662f\u4e00\u90e8\u597d\u7535\u5f71\uff0c176\u5237\uff01')
COMMIT
INSERT INTO USER_MOVIE VALUES('2025110916','admin','\u70ed\u8fa3\u6eda\u70eb',161,'','\u7279\u6548\u4ee4\u4eba\u60ca\u53f9\uff0c\u70ed\u8fa3\u6eda\u70eb\u771f\u662f\u4e00\u90e8\u597d\u7535\u5f71\uff0c177\u5237\uff01')
COMMIT
INSERT INTO USER_MOVIE VALUES('2025111017','admin','\u7b2c\u4e8c\u5341\u6761',140,'','\u914d\u4e50\u975e\u5e38\u51fa\u8272\uff0c\u7b2c\u4e8c\u5341\u6761\u771f\u662f\u4e00\u90e8\u597d\u7535\u5f71\uff0c178\u5237\uff01')
COMMIT
INSERT INTO USER_MOVIE VALUES('2025111118','admin','\u5e74\u4f1a\u4e0d\u80fd\u505c',126,'','\u7b11\u4e2d\u5e26\u6cea\u7684\u597d\u7247\uff0c\u5e74\u4f1a\u4e0d\u80fd\u505c\u771f\u662f\u4e00\u90e8\u597d\u7535\u5f71\uff0c179\u5237\uff01')
COMMIT
INSERT INTO USER_MOVIE VALUES('2025111219','admin','\u4e09\u5927\u961f',147,'','\u7b11\u4e2d\u5e26\u6cea\u7684\u597d\u7247\uff0c\u4e09\u5927\u961f\u771f\u662f\u4e00\u90e8\u597d\u7535\u5f71\uff0c180\u5237\uff01')
COMMIT
INSERT INTO USER_MOVIE VALUES('2025111320','admin','\u6d89\u8fc7\u6124\u6012\u7684\u6d77',163,'','\u7acb\u610f\u6df1\u523b\uff0c\u6d89\u8fc7\u6124\u6012\u7684\u6d77\u771f\u662f\u4e00\u90e8\u597d\u7535\u5f71\uff0c181\u5237\uff01')
COMMIT
INSERT INTO USER_MOVIE VALUES('2025111421','admin','\u6cb3\u8fb9\u7684\u9519\u8bef',140,'','\u8ba9\u4eba\u56de\u5473\u65e0\u7a77\uff0c\u6cb3\u8fb9\u7684\u9519\u8bef\u771f\u662f\u4e00\u90e8\u597d\u7535\u5f71\uff0c182\u5237\uff01')
COMMIT
INSERT INTO USER_MOVIE VALUES('2025111508','admin','\u5b87\u5b99\u63a2\u7d22\u7f16\u8f91\u90e8',96,'','\u770b\u4e86\u597d\u51e0\u904d\uff0c\u5b87\u5b99\u63a2\u7d22\u7f16\u8f91\u90e8\u771f\u662f\u4e00\u90e8\u597d\u7535\u5f71\uff0c183\u5237\uff01')
COMMIT
INSERT INTO USER_MOVIE VALUES('2025111609','admin','\u957f\u5b89\u4e09\u4e07\u91cc',145,'','\u5267\u60c5\u5341\u5206\u7cbe\u5f69\uff0c\u957f\u5b89\u4e09\u4e07\u91cc\u771f\u662f\u4e00\u90e8\u597d\u7535\u5f71\uff0c184\u5237\uff01')
COMMIT
INSERT INTO USER_MOVIE VALUES('2025111710','admin','\u718a\u51fa\u6ca1',76,'','\u975e\u5e38\u597d\u770b\u7684\u7535\u5f71\uff0c\u718a\u51fa\u6ca1\u771f\u662f\u4e00\u90e8\u597d\u7535\u5f71\uff0c185\u5237\uff01')
COMMIT
INSERT INTO USER_MOVIE VALUES('2025111811','admin','\u5fd7\u613f\u519b',155,'','\u503c\u5f97\u63a8\u8350\u7684\u597d\u7247\uff0c\u5fd7\u613f\u519b\u771f\u662f\u4e00\u90e8\u597d\u7535\u5f71\uff0c186\u5237\uff01')
COMMIT
INSERT INTO USER_MOVIE VALUES('2025111912','admin','\u575a\u5982\u78d0\u77f3',198,'','\u503c\u5f97\u63a8\u8350\u7684\u597d\u7247\uff0c\u575a\u5982\u78d0\u77f3\u771f\u662f\u4e00\u90e8\u597d\u7535\u5f71\uff0c187\u5237\uff01')
COMMIT
INSERT INTO USER_MOVIE VALUES('2025122013','admin','\u4eba\u751f\u5927\u4e8b',112,'','\u5267\u60c5\u5341\u5206\u7cbe\u5f69\uff0c\u4eba\u751f\u5927\u4e8b\u771f\u662f\u4e00\u90e8\u597d\u7535\u5f71\uff0c188\u5237\uff01')
COMMIT
INSERT INTO USER_MOVIE VALUES('2025122114','admin','\u5947\u8ff9\u7b28\u5c0f\u5b69',69,'','\u5bfc\u6f14\u529f\u529b\u6df1\u539a\uff0c\u5947\u8ff9\u7b28\u5c0f\u5b69\u771f\u662f\u4e00\u90e8\u597d\u7535\u5f71\uff0c189\u5237\uff01')
COMMIT
INSERT INTO USER_MOVIE VALUES('2025122215','admin','\u8fd9\u4e2a\u6740\u624b\u4e0d\u592a\u51b7\u9759',145,'','\u753b\u9762\u7cbe\u7f8e\u7edd\u4f26\uff0c\u8fd9\u4e2a\u6740\u624b\u4e0d\u592a\u51b7\u9759\u771f\u662f\u4e00\u90e8\u597d\u7535\u5f71\uff0c190\u5237\uff01')
COMMIT
INSERT INTO USER_MOVIE VALUES('2025122316','admin','\u8096\u7533\u514b\u7684\u6551\u8d4e',122,'','\u7b11\u4e2d\u5e26\u6cea\u7684\u597d\u7247\uff0c\u8096\u7533\u514b\u7684\u6551\u8d4e\u771f\u662f\u4e00\u90e8\u597d\u7535\u5f71\uff0c191\u5237\uff01')
COMMIT
INSERT INTO USER_MOVIE VALUES('2025122417','admin','\u9738\u738b\u522b\u59ec',92,'','\u9707\u64bc\u5fc3\u7075\u7684\u4f5c\u54c1\uff0c\u9738\u738b\u522b\u59ec\u771f\u662f\u4e00\u90e8\u597d\u7535\u5f71\uff0c192\u5237\uff01')
COMMIT
INSERT INTO USER_MOVIE VALUES('2025122518','admin','\u963f\u7518\u6b63\u4f20',122,'','\u6f14\u6280\u70b8\u88c2\uff0c\u963f\u7518\u6b63\u4f20\u771f\u662f\u4e00\u90e8\u597d\u7535\u5f71\uff0c193\u5237\uff01')
COMMIT
INSERT INTO USER_MOVIE VALUES('2025122619','admin','\u6cf0\u5766\u5c3c\u514b\u53f7',112,'','\u9707\u64bc\u5fc3\u7075\u7684\u4f5c\u54c1\uff0c\u6cf0\u5766\u5c3c\u514b\u53f7\u771f\u662f\u4e00\u90e8\u597d\u7535\u5f71\uff0c194\u5237\uff01')
COMMIT
INSERT INTO USER_MOVIE VALUES('2025122720','admin','\u5343\u4e0e\u5343\u5bfb',55,'','\u503c\u5f97\u63a8\u8350\u7684\u597d\u7247\uff0c\u5343\u4e0e\u5343\u5bfb\u771f\u662f\u4e00\u90e8\u597d\u7535\u5f71\uff0c195\u5237\uff01')
COMMIT
INSERT INTO USER_MOVIE VALUES('2025122821','admin','\u8fd9\u4e2a\u6740\u624b\u4e0d\u592a\u51b7',52,'','\u6545\u4e8b\u5f15\u4eba\u5165\u80dc\uff0c\u8fd9\u4e2a\u6740\u624b\u4e0d\u592a\u51b7\u771f\u662f\u4e00\u90e8\u597d\u7535\u5f71\uff0c196\u5237\uff01')
COMMIT
INSERT INTO USER_MOVIE VALUES('2025120108','admin','\u661f\u9645\u7a7f\u8d8a',148,'','\u914d\u4e50\u975e\u5e38\u51fa\u8272\uff0c\u661f\u9645\u7a7f\u8d8a\u771f\u662f\u4e00\u90e8\u597d\u7535\u5f71\uff0c197\u5237\uff01')
COMMIT
INSERT INTO USER_MOVIE VALUES('2025120209','admin','\u76d7\u68a6\u7a7a\u95f4',75,'','\u7279\u6548\u4ee4\u4eba\u60ca\u53f9\uff0c\u76d7\u68a6\u7a7a\u95f4\u771f\u662f\u4e00\u90e8\u597d\u7535\u5f71\uff0c198\u5237\uff01')
COMMIT
INSERT INTO USER_MOVIE VALUES('2025120310','admin','\u695a\u95e8\u7684\u4e16\u754c',137,'','\u5267\u60c5\u5341\u5206\u7cbe\u5f69\uff0c\u695a\u95e8\u7684\u4e16\u754c\u771f\u662f\u4e00\u90e8\u597d\u7535\u5f71\uff0c199\u5237\uff01')
COMMIT
INSERT INTO USER_MOVIE VALUES('2025120411','admin','\u5fe0\u72ac\u516b\u516c\u7684\u6545\u4e8b',152,'','\u975e\u5e38\u597d\u770b\u7684\u7535\u5f71\uff0c\u5fe0\u72ac\u516b\u516c\u7684\u6545\u4e8b\u771f\u662f\u4e00\u90e8\u597d\u7535\u5f71\uff0c200\u5237\uff01')
COMMIT
DISCONNECT
/*C14*/DELETE FROM USER_MOVIE WHERE WATCH_DATE='2025051415'
COMMIT
/*C18*/SET SCHEMA PUBLIC
DISCONNECT
/*C20*/SET SCHEMA PUBLIC
DISCONNECT
/*C17*/SET SCHEMA PUBLIC
DISCONNECT
/*C16*/SET SCHEMA PUBLIC
DISCONNECT
/*C23*/SET SCHEMA PUBLIC
DISCONNECT
/*C15*/SET SCHEMA PUBLIC
DISCONNECT
/*C19*/SET SCHEMA PUBLIC
DISCONNECT
